{"/home/libercosoft/Documents/microverse/todo-webpack/src/modules/addItemToDom.js": {"path":"/home/libercosoft/Documents/microverse/todo-webpack/src/modules/addItemToDom.js","statementMap":{"0":{"start":{"line":5,"column":21},"end":{"line":41,"column":1}},"1":{"start":{"line":6,"column":25},"end":{"line":6,"column":68}},"2":{"start":{"line":7,"column":20},"end":{"line":7,"column":48}},"3":{"start":{"line":8,"column":2},"end":{"line":8,"column":28}},"4":{"start":{"line":9,"column":2},"end":{"line":9,"column":41}},"5":{"start":{"line":10,"column":18},"end":{"line":10,"column":47}},"6":{"start":{"line":11,"column":2},"end":{"line":11,"column":36}},"7":{"start":{"line":12,"column":23},"end":{"line":12,"column":54}},"8":{"start":{"line":13,"column":2},"end":{"line":13,"column":33}},"9":{"start":{"line":14,"column":2},"end":{"line":14,"column":45}},"10":{"start":{"line":15,"column":2},"end":{"line":15,"column":58}},"11":{"start":{"line":16,"column":22},"end":{"line":16,"column":52}},"12":{"start":{"line":17,"column":2},"end":{"line":20,"column":3}},"13":{"start":{"line":18,"column":4},"end":{"line":18,"column":40}},"14":{"start":{"line":19,"column":4},"end":{"line":19,"column":32}},"15":{"start":{"line":21,"column":2},"end":{"line":21,"column":40}},"16":{"start":{"line":22,"column":2},"end":{"line":22,"column":43}},"17":{"start":{"line":23,"column":2},"end":{"line":23,"column":52}},"18":{"start":{"line":24,"column":2},"end":{"line":24,"column":51}},"19":{"start":{"line":25,"column":2},"end":{"line":25,"column":36}},"20":{"start":{"line":26,"column":2},"end":{"line":26,"column":35}},"21":{"start":{"line":27,"column":16},"end":{"line":27,"column":43}},"22":{"start":{"line":28,"column":2},"end":{"line":28,"column":52}},"23":{"start":{"line":29,"column":2},"end":{"line":29,"column":35}},"24":{"start":{"line":30,"column":2},"end":{"line":30,"column":47}},"25":{"start":{"line":31,"column":16},"end":{"line":31,"column":43}},"26":{"start":{"line":32,"column":2},"end":{"line":32,"column":45}},"27":{"start":{"line":33,"column":2},"end":{"line":33,"column":35}},"28":{"start":{"line":35,"column":2},"end":{"line":35,"column":52}},"29":{"start":{"line":36,"column":2},"end":{"line":36,"column":33}},"30":{"start":{"line":37,"column":2},"end":{"line":37,"column":31}},"31":{"start":{"line":38,"column":2},"end":{"line":38,"column":31}},"32":{"start":{"line":40,"column":2},"end":{"line":40,"column":40}}},"fnMap":{"0":{"name":"(anonymous_0)","decl":{"start":{"line":5,"column":21},"end":{"line":5,"column":22}},"loc":{"start":{"line":5,"column":31},"end":{"line":41,"column":1}},"line":5}},"branchMap":{"0":{"loc":{"start":{"line":17,"column":2},"end":{"line":20,"column":3}},"type":"if","locations":[{"start":{"line":17,"column":2},"end":{"line":20,"column":3}},{"start":{},"end":{}}],"line":17}},"s":{"0":2,"1":5,"2":5,"3":5,"4":5,"5":5,"6":5,"7":5,"8":5,"9":5,"10":5,"11":5,"12":5,"13":1,"14":1,"15":5,"16":5,"17":5,"18":5,"19":5,"20":5,"21":5,"22":5,"23":5,"24":5,"25":5,"26":5,"27":5,"28":5,"29":5,"30":5,"31":5,"32":5},"f":{"0":5},"b":{"0":[1,4]},"_coverageSchema":"1a1c01bbd47fc00a2c39e90264f33305004495a9","hash":"707dc3ba72f7ecf22739fd3545af3a03c22f9dac"}
,"/home/libercosoft/Documents/microverse/todo-webpack/src/modules/eventListeners.js": {"path":"/home/libercosoft/Documents/microverse/todo-webpack/src/modules/eventListeners.js","statementMap":{"0":{"start":{"line":3,"column":20},"end":{"line":15,"column":1}},"1":{"start":{"line":4,"column":28},"end":{"line":4,"column":36}},"2":{"start":{"line":5,"column":21},"end":{"line":5,"column":73}},"3":{"start":{"line":6,"column":21},"end":{"line":6,"column":73}},"4":{"start":{"line":7,"column":2},"end":{"line":7,"column":38}},"5":{"start":{"line":8,"column":2},"end":{"line":8,"column":38}},"6":{"start":{"line":9,"column":2},"end":{"line":9,"column":50}},"7":{"start":{"line":10,"column":22},"end":{"line":10,"column":73}},"8":{"start":{"line":11,"column":2},"end":{"line":11,"column":52}},"9":{"start":{"line":12,"column":2},"end":{"line":14,"column":8}},"10":{"start":{"line":13,"column":4},"end":{"line":13,"column":24}},"11":{"start":{"line":17,"column":21},"end":{"line":23,"column":1}},"12":{"start":{"line":18,"column":17},"end":{"line":18,"column":39}},"13":{"start":{"line":19,"column":20},"end":{"line":19,"column":52}},"14":{"start":{"line":20,"column":2},"end":{"line":20,"column":21}},"15":{"start":{"line":22,"column":2},"end":{"line":22,"column":36}},"16":{"start":{"line":25,"column":19},"end":{"line":39,"column":1}},"17":{"start":{"line":26,"column":28},"end":{"line":26,"column":50}},"18":{"start":{"line":27,"column":22},"end":{"line":27,"column":73}},"19":{"start":{"line":28,"column":2},"end":{"line":28,"column":45}},"20":{"start":{"line":30,"column":19},"end":{"line":30,"column":63}},"21":{"start":{"line":31,"column":2},"end":{"line":38,"column":3}},"22":{"start":{"line":32,"column":4},"end":{"line":36,"column":7}},"23":{"start":{"line":33,"column":6},"end":{"line":35,"column":7}},"24":{"start":{"line":34,"column":8},"end":{"line":34,"column":90}},"25":{"start":{"line":34,"column":52},"end":{"line":34,"column":90}},"26":{"start":{"line":37,"column":4},"end":{"line":37,"column":63}},"27":{"start":{"line":41,"column":19},"end":{"line":50,"column":1}},"28":{"start":{"line":42,"column":28},"end":{"line":42,"column":50}},"29":{"start":{"line":43,"column":21},"end":{"line":43,"column":73}},"30":{"start":{"line":44,"column":21},"end":{"line":44,"column":73}},"31":{"start":{"line":45,"column":22},"end":{"line":45,"column":73}},"32":{"start":{"line":46,"column":2},"end":{"line":46,"column":38}},"33":{"start":{"line":47,"column":2},"end":{"line":47,"column":38}},"34":{"start":{"line":48,"column":2},"end":{"line":48,"column":53}},"35":{"start":{"line":49,"column":2},"end":{"line":49,"column":47}},"36":{"start":{"line":52,"column":23},"end":{"line":70,"column":1}},"37":{"start":{"line":53,"column":17},"end":{"line":53,"column":53}},"38":{"start":{"line":54,"column":22},"end":{"line":54,"column":59}},"39":{"start":{"line":55,"column":19},"end":{"line":55,"column":63}},"40":{"start":{"line":56,"column":2},"end":{"line":56,"column":44}},"41":{"start":{"line":58,"column":2},"end":{"line":68,"column":3}},"42":{"start":{"line":59,"column":4},"end":{"line":63,"column":5}},"43":{"start":{"line":60,"column":6},"end":{"line":62,"column":9}},"44":{"start":{"line":61,"column":8},"end":{"line":61,"column":61}},"45":{"start":{"line":61,"column":39},"end":{"line":61,"column":61}},"46":{"start":{"line":64,"column":9},"end":{"line":68,"column":3}},"47":{"start":{"line":65,"column":4},"end":{"line":67,"column":7}},"48":{"start":{"line":66,"column":6},"end":{"line":66,"column":60}},"49":{"start":{"line":66,"column":37},"end":{"line":66,"column":60}},"50":{"start":{"line":69,"column":2},"end":{"line":69,"column":61}},"51":{"start":{"line":72,"column":27},"end":{"line":87,"column":1}},"52":{"start":{"line":73,"column":24},"end":{"line":73,"column":63}},"53":{"start":{"line":74,"column":2},"end":{"line":74,"column":75}},"54":{"start":{"line":74,"column":33},"end":{"line":74,"column":73}},"55":{"start":{"line":76,"column":19},"end":{"line":76,"column":63}},"56":{"start":{"line":77,"column":2},"end":{"line":86,"column":3}},"57":{"start":{"line":78,"column":26},"end":{"line":78,"column":75}},"58":{"start":{"line":78,"column":51},"end":{"line":78,"column":74}},"59":{"start":{"line":79,"column":4},"end":{"line":81,"column":7}},"60":{"start":{"line":80,"column":6},"end":{"line":80,"column":24}},"61":{"start":{"line":82,"column":4},"end":{"line":84,"column":5}},"62":{"start":{"line":83,"column":6},"end":{"line":83,"column":31}},"63":{"start":{"line":85,"column":4},"end":{"line":85,"column":68}}},"fnMap":{"0":{"name":"(anonymous_0)","decl":{"start":{"line":3,"column":20},"end":{"line":3,"column":21}},"loc":{"start":{"line":3,"column":27},"end":{"line":15,"column":1}},"line":3},"1":{"name":"(anonymous_1)","decl":{"start":{"line":12,"column":13},"end":{"line":12,"column":14}},"loc":{"start":{"line":12,"column":19},"end":{"line":14,"column":3}},"line":12},"2":{"name":"(anonymous_2)","decl":{"start":{"line":17,"column":21},"end":{"line":17,"column":22}},"loc":{"start":{"line":17,"column":28},"end":{"line":23,"column":1}},"line":17},"3":{"name":"(anonymous_3)","decl":{"start":{"line":25,"column":19},"end":{"line":25,"column":20}},"loc":{"start":{"line":25,"column":26},"end":{"line":39,"column":1}},"line":25},"4":{"name":"(anonymous_4)","decl":{"start":{"line":32,"column":21},"end":{"line":32,"column":22}},"loc":{"start":{"line":32,"column":31},"end":{"line":36,"column":5}},"line":32},"5":{"name":"(anonymous_5)","decl":{"start":{"line":41,"column":19},"end":{"line":41,"column":20}},"loc":{"start":{"line":41,"column":26},"end":{"line":50,"column":1}},"line":41},"6":{"name":"(anonymous_6)","decl":{"start":{"line":52,"column":23},"end":{"line":52,"column":24}},"loc":{"start":{"line":52,"column":30},"end":{"line":70,"column":1}},"line":52},"7":{"name":"(anonymous_7)","decl":{"start":{"line":60,"column":23},"end":{"line":60,"column":24}},"loc":{"start":{"line":60,"column":33},"end":{"line":62,"column":7}},"line":60},"8":{"name":"(anonymous_8)","decl":{"start":{"line":65,"column":21},"end":{"line":65,"column":22}},"loc":{"start":{"line":65,"column":31},"end":{"line":67,"column":5}},"line":65},"9":{"name":"(anonymous_9)","decl":{"start":{"line":72,"column":27},"end":{"line":72,"column":28}},"loc":{"start":{"line":72,"column":33},"end":{"line":87,"column":1}},"line":72},"10":{"name":"(anonymous_10)","decl":{"start":{"line":74,"column":24},"end":{"line":74,"column":25}},"loc":{"start":{"line":74,"column":33},"end":{"line":74,"column":73}},"line":74},"11":{"name":"(anonymous_11)","decl":{"start":{"line":78,"column":42},"end":{"line":78,"column":43}},"loc":{"start":{"line":78,"column":51},"end":{"line":78,"column":74}},"line":78},"12":{"name":"(anonymous_12)","decl":{"start":{"line":79,"column":26},"end":{"line":79,"column":27}},"loc":{"start":{"line":79,"column":38},"end":{"line":81,"column":5}},"line":79}},"branchMap":{"0":{"loc":{"start":{"line":31,"column":2},"end":{"line":38,"column":3}},"type":"if","locations":[{"start":{"line":31,"column":2},"end":{"line":38,"column":3}},{"start":{},"end":{}}],"line":31},"1":{"loc":{"start":{"line":33,"column":6},"end":{"line":35,"column":7}},"type":"if","locations":[{"start":{"line":33,"column":6},"end":{"line":35,"column":7}},{"start":{},"end":{}}],"line":33},"2":{"loc":{"start":{"line":34,"column":8},"end":{"line":34,"column":90}},"type":"if","locations":[{"start":{"line":34,"column":8},"end":{"line":34,"column":90}},{"start":{},"end":{}}],"line":34},"3":{"loc":{"start":{"line":58,"column":2},"end":{"line":68,"column":3}},"type":"if","locations":[{"start":{"line":58,"column":2},"end":{"line":68,"column":3}},{"start":{"line":64,"column":9},"end":{"line":68,"column":3}}],"line":58},"4":{"loc":{"start":{"line":59,"column":4},"end":{"line":63,"column":5}},"type":"if","locations":[{"start":{"line":59,"column":4},"end":{"line":63,"column":5}},{"start":{},"end":{}}],"line":59},"5":{"loc":{"start":{"line":61,"column":8},"end":{"line":61,"column":61}},"type":"if","locations":[{"start":{"line":61,"column":8},"end":{"line":61,"column":61}},{"start":{},"end":{}}],"line":61},"6":{"loc":{"start":{"line":64,"column":9},"end":{"line":68,"column":3}},"type":"if","locations":[{"start":{"line":64,"column":9},"end":{"line":68,"column":3}},{"start":{},"end":{}}],"line":64},"7":{"loc":{"start":{"line":66,"column":6},"end":{"line":66,"column":60}},"type":"if","locations":[{"start":{"line":66,"column":6},"end":{"line":66,"column":60}},{"start":{},"end":{}}],"line":66},"8":{"loc":{"start":{"line":77,"column":2},"end":{"line":86,"column":3}},"type":"if","locations":[{"start":{"line":77,"column":2},"end":{"line":86,"column":3}},{"start":{},"end":{}}],"line":77},"9":{"loc":{"start":{"line":82,"column":4},"end":{"line":84,"column":5}},"type":"if","locations":[{"start":{"line":82,"column":4},"end":{"line":84,"column":5}},{"start":{},"end":{}}],"line":82}},"s":{"0":2,"1":0,"2":0,"3":0,"4":0,"5":0,"6":0,"7":0,"8":0,"9":0,"10":0,"11":2,"12":1,"13":1,"14":1,"15":1,"16":2,"17":1,"18":1,"19":1,"20":1,"21":1,"22":0,"23":0,"24":0,"25":0,"26":0,"27":2,"28":0,"29":0,"30":0,"31":0,"32":0,"33":0,"34":0,"35":0,"36":2,"37":1,"38":1,"39":1,"40":1,"41":1,"42":0,"43":0,"44":0,"45":0,"46":1,"47":0,"48":0,"49":0,"50":1,"51":2,"52":1,"53":1,"54":1,"55":1,"56":1,"57":0,"58":0,"59":0,"60":0,"61":0,"62":0,"63":0},"f":{"0":0,"1":0,"2":1,"3":1,"4":0,"5":0,"6":1,"7":0,"8":0,"9":1,"10":1,"11":0,"12":0},"b":{"0":[0,1],"1":[0,0],"2":[0,0],"3":[0,1],"4":[0,0],"5":[0,0],"6":[0,1],"7":[0,0],"8":[0,1],"9":[0,0]},"_coverageSchema":"1a1c01bbd47fc00a2c39e90264f33305004495a9","hash":"52937b31c861caef5bebab9a16d788d4cbcb0321"}
,"/home/libercosoft/Documents/microverse/todo-webpack/src/modules/removeItemFromStorage.js": {"path":"/home/libercosoft/Documents/microverse/todo-webpack/src/modules/removeItemFromStorage.js","statementMap":{"0":{"start":{"line":1,"column":30},"end":{"line":14,"column":1}},"1":{"start":{"line":2,"column":19},"end":{"line":2,"column":63}},"2":{"start":{"line":3,"column":2},"end":{"line":13,"column":3}},"3":{"start":{"line":4,"column":26},"end":{"line":4,"column":71}},"4":{"start":{"line":4,"column":51},"end":{"line":4,"column":70}},"5":{"start":{"line":5,"column":4},"end":{"line":7,"column":7}},"6":{"start":{"line":6,"column":6},"end":{"line":6,"column":24}},"7":{"start":{"line":8,"column":4},"end":{"line":10,"column":5}},"8":{"start":{"line":9,"column":6},"end":{"line":9,"column":31}},"9":{"start":{"line":11,"column":4},"end":{"line":11,"column":68}},"10":{"start":{"line":12,"column":4},"end":{"line":12,"column":29}}},"fnMap":{"0":{"name":"(anonymous_0)","decl":{"start":{"line":1,"column":30},"end":{"line":1,"column":31}},"loc":{"start":{"line":1,"column":41},"end":{"line":14,"column":1}},"line":1},"1":{"name":"(anonymous_1)","decl":{"start":{"line":4,"column":42},"end":{"line":4,"column":43}},"loc":{"start":{"line":4,"column":51},"end":{"line":4,"column":70}},"line":4},"2":{"name":"(anonymous_2)","decl":{"start":{"line":5,"column":26},"end":{"line":5,"column":27}},"loc":{"start":{"line":5,"column":38},"end":{"line":7,"column":5}},"line":5}},"branchMap":{"0":{"loc":{"start":{"line":3,"column":2},"end":{"line":13,"column":3}},"type":"if","locations":[{"start":{"line":3,"column":2},"end":{"line":13,"column":3}},{"start":{},"end":{}}],"line":3},"1":{"loc":{"start":{"line":8,"column":4},"end":{"line":10,"column":5}},"type":"if","locations":[{"start":{"line":8,"column":4},"end":{"line":10,"column":5}},{"start":{},"end":{}}],"line":8}},"s":{"0":2,"1":1,"2":1,"3":0,"4":0,"5":0,"6":0,"7":0,"8":0,"9":0,"10":0},"f":{"0":1,"1":0,"2":0},"b":{"0":[0,1],"1":[0,0]},"_coverageSchema":"1a1c01bbd47fc00a2c39e90264f33305004495a9","hash":"0e9975970cbce2d93e86467979cacca1354fee91"}
}
